c:\users\michael\documents\github\cpts_422\turingmachine\debug\vc120.pdb
c:\users\michael\documents\github\cpts_422\turingmachine\debug\vc120.idb
c:\users\michael\documents\github\cpts_422\turingmachine\debug\crash.obj
c:\users\michael\documents\github\cpts_422\turingmachine\debug\finalstates.obj
c:\users\michael\documents\github\cpts_422\turingmachine\debug\inputalphabet.obj
c:\users\michael\documents\github\cpts_422\turingmachine\debug\main.obj
c:\users\michael\documents\github\cpts_422\turingmachine\debug\state.obj
c:\users\michael\documents\github\cpts_422\turingmachine\debug\tape.obj
c:\users\michael\documents\github\cpts_422\turingmachine\debug\tapealphabet.obj
c:\users\michael\documents\github\cpts_422\turingmachine\debug\transition.obj
c:\users\michael\documents\github\cpts_422\turingmachine\debug\transitionfunction.obj
c:\users\michael\documents\github\cpts_422\turingmachine\debug\turingmachine.obj
c:\users\michael\documents\github\cpts_422\turingmachine\debug\visible.obj
c:\users\michael\documents\github\cpts_422\turingmachine\debug\turingmachinevsproject.ilk
c:\users\michael\documents\github\cpts_422\turingmachine\debug\turingmachinevsproject.exe
c:\users\michael\documents\github\cpts_422\turingmachine\debug\turingmachinevsproject.pdb
c:\users\michael\documents\github\cpts_422\turingmachine\debug\turingmachinevsproject.lib
c:\users\michael\documents\github\cpts_422\turingmachine\debug\turingmachinevsproject.exp
c:\users\michael\documents\github\cpts_422\turingmachine\debug\tmtester.ilk
c:\users\michael\documents\github\cpts_422\turingmachine\debug\tmtester.exp
c:\users\michael\documents\github\cpts_422\turingmachine\debug\tmtester.pdb
c:\users\michael\documents\github\cpts_422\turingmachine\debug\turingma.ba5e9507.tlog\cl.command.1.tlog
c:\users\michael\documents\github\cpts_422\turingmachine\debug\turingma.ba5e9507.tlog\cl.read.1.tlog
c:\users\michael\documents\github\cpts_422\turingmachine\debug\turingma.ba5e9507.tlog\cl.write.1.tlog
c:\users\michael\documents\github\cpts_422\turingmachine\debug\turingma.ba5e9507.tlog\link.command.1.tlog
c:\users\michael\documents\github\cpts_422\turingmachine\debug\turingma.ba5e9507.tlog\link.read.1.tlog
c:\users\michael\documents\github\cpts_422\turingmachine\debug\turingma.ba5e9507.tlog\link.write.1.tlog
c:\users\michael\documents\github\cpts_422\turingmachine\debug\turingma.ba5e9507.tlog\turingmachinevsproject.write.1u.tlog
